# JRE version: OpenJDK Runtime Environment Microsoft-10800295 (17.0.14+7) (build 17.0.14+7-LTS)
# Java VM: OpenJDK 64-Bit Server VM Microsoft-10800295 (17.0.14+7-LTS, mixed mode, sharing, tiered, compressed oops, compressed class ptrs, g1 gc, windows-amd64)
GC Precious Log:
 CPUs: 4 total, 4 available
 Memory: 16263M
 Large Page Support: Disabled
 NUMA Support: Disabled
 Compressed Oops: Enabled (32-bit)
 Heap Region Size: 1M
 Heap Min Capacity: 8M
 Heap Initial Capacity: 256M
 Heap Max Capacity: 2G
 Pre-touch: Disabled
 Parallel Workers: 4
 Concurrent Workers: 1
 Concurrent Refinement Workers: 4
 Periodic GC: Disabled
Heap:
 garbage-first heap   total 215040K, used 167203K [0x0000000080000000, 0x0000000100000000)
  region size 1024K, 73 young (74752K), 12 survivors (12288K)
 Metaspace       used 88664K, committed 89536K, reserved 557056K
  class space    used 12206K, committed 12608K, reserved 425984K
GC Heap History (20 events):
Event: 42.314 GC heap before
{Heap before GC invocations=24 (full 0):
 garbage-first heap   total 109568K, used 61444K [0x0000000080000000, 0x0000000100000000)
  region size 1024K, 5 young (5120K), 2 survivors (2048K)
 Metaspace       used 64628K, committed 65280K, reserved 491520K
  class space    used 8963K, committed 9280K, reserved 425984K
}
Event: 42.322 GC heap after
{Heap after GC invocations=25 (full 0):
 garbage-first heap   total 109568K, used 58463K [0x0000000080000000, 0x0000000100000000)
  region size 1024K, 1 young (1024K), 1 survivors (1024K)
 Metaspace       used 64628K, committed 65280K, reserved 491520K
  class space    used 8963K, committed 9280K, reserved 425984K
}
Event: 43.237 GC heap before
{Heap before GC invocations=25 (full 0):
 garbage-first heap   total 109568K, used 88159K [0x0000000080000000, 0x0000000100000000)
  region size 1024K, 30 young (30720K), 1 survivors (1024K)
 Metaspace       used 67009K, committed 67648K, reserved 491520K
  class space    used 9318K, committed 9600K, reserved 425984K
}
Event: 43.242 GC heap after
{Heap after GC invocations=26 (full 0):
 garbage-first heap   total 109568K, used 59145K [0x0000000080000000, 0x0000000100000000)
  region size 1024K, 1 young (1024K), 1 survivors (1024K)
 Metaspace       used 67009K, committed 67648K, reserved 491520K
  class space    used 9318K, committed 9600K, reserved 425984K
}
Event: 44.544 GC heap before
{Heap before GC invocations=27 (full 0):
 garbage-first heap   total 109568K, used 92937K [0x0000000080000000, 0x0000000100000000)
  region size 1024K, 31 young (31744K), 1 survivors (1024K)
 Metaspace       used 69083K, committed 69760K, reserved 491520K
  class space    used 9643K, committed 9920K, reserved 425984K
}
Event: 44.552 GC heap after
{Heap after GC invocations=28 (full 0):
 garbage-first heap   total 109568K, used 63462K [0x0000000080000000, 0x0000000100000000)
  region size 1024K, 3 young (3072K), 3 survivors (3072K)
 Metaspace       used 69083K, committed 69760K, reserved 491520K
  class space    used 9643K, committed 9920K, reserved 425984K
}
Event: 44.603 GC heap before
{Heap before GC invocations=28 (full 0):
 garbage-first heap   total 109568K, used 64486K [0x0000000080000000, 0x0000000100000000)
  region size 1024K, 5 young (5120K), 3 survivors (3072K)
 Metaspace       used 69207K, committed 69888K, reserved 491520K
  class space    used 9662K, committed 9984K, reserved 425984K
}
Event: 44.613 GC heap after
{Heap after GC invocations=29 (full 0):
 garbage-first heap   total 109568K, used 63441K [0x0000000080000000, 0x0000000100000000)
  region size 1024K, 1 young (1024K), 1 survivors (1024K)
 Metaspace       used 69207K, committed 69888K, reserved 491520K
  class space    used 9662K, committed 9984K, reserved 425984K
}
Event: 45.649 GC heap before
{Heap before GC invocations=29 (full 0):
 garbage-first heap   total 109568K, used 91089K [0x0000000080000000, 0x0000000100000000)
  region size 1024K, 28 young (28672K), 1 survivors (1024K)
 Metaspace       used 70538K, committed 71232K, reserved 491520K
  class space    used 9868K, committed 10176K, reserved 425984K
}
Event: 45.660 GC heap after
{Heap after GC invocations=30 (full 0):
 garbage-first heap   total 215040K, used 65297K [0x0000000080000000, 0x0000000100000000)
  region size 1024K, 3 young (3072K), 3 survivors (3072K)
 Metaspace       used 70538K, committed 71232K, reserved 491520K
  class space    used 9868K, committed 10176K, reserved 425984K
}
Event: 52.462 GC heap before
{Heap before GC invocations=31 (full 0):
 garbage-first heap   total 215040K, used 170769K [0x0000000080000000, 0x0000000100000000)
  region size 1024K, 107 young (109568K), 3 survivors (3072K)
 Metaspace       used 77375K, committed 78208K, reserved 557056K
  class space    used 10872K, committed 11328K, reserved 425984K
}
Event: 52.489 GC heap after
{Heap after GC invocations=32 (full 0):
 garbage-first heap   total 215040K, used 73633K [0x0000000080000000, 0x0000000100000000)
  region size 1024K, 11 young (11264K), 11 survivors (11264K)
 Metaspace       used 77375K, committed 78208K, reserved 557056K
  class space    used 10872K, committed 11328K, reserved 425984K
}
Event: 52.556 GC heap before
{Heap before GC invocations=32 (full 0):
 garbage-first heap   total 215040K, used 74657K [0x0000000080000000, 0x0000000100000000)
  region size 1024K, 12 young (12288K), 11 survivors (11264K)
 Metaspace       used 77400K, committed 78336K, reserved 557056K
  class space    used 10873K, committed 11328K, reserved 425984K
}
Event: 52.580 GC heap after
{Heap after GC invocations=33 (full 0):
 garbage-first heap   total 215040K, used 74618K [0x0000000080000000, 0x0000000100000000)
  region size 1024K, 2 young (2048K), 2 survivors (2048K)
 Metaspace       used 77400K, committed 78336K, reserved 557056K
  class space    used 10873K, committed 11328K, reserved 425984K
}
Event: 57.449 GC heap before
{Heap before GC invocations=33 (full 0):
 garbage-first heap   total 215040K, used 171898K [0x0000000080000000, 0x0000000100000000)
  region size 1024K, 97 young (99328K), 2 survivors (2048K)
 Metaspace       used 80154K, committed 81024K, reserved 557056K
  class space    used 11178K, committed 11584K, reserved 425984K
}
Event: 57.470 GC heap after
{Heap after GC invocations=34 (full 0):
 garbage-first heap   total 215040K, used 83054K [0x0000000080000000, 0x0000000100000000)
  region size 1024K, 10 young (10240K), 10 survivors (10240K)
 Metaspace       used 80154K, committed 81024K, reserved 557056K
  class space    used 11178K, committed 11584K, reserved 425984K
}
Event: 59.088 GC heap before
{Heap before GC invocations=34 (full 0):
 garbage-first heap   total 215040K, used 170094K [0x0000000080000000, 0x0000000100000000)
  region size 1024K, 96 young (98304K), 10 survivors (10240K)
 Metaspace       used 80220K, committed 81024K, reserved 557056K
  class space    used 11179K, committed 11584K, reserved 425984K
}
Event: 59.113 GC heap after
{Heap after GC invocations=35 (full 0):
 garbage-first heap   total 215040K, used 86352K [0x0000000080000000, 0x0000000100000000)
  region size 1024K, 6 young (6144K), 6 survivors (6144K)
 Metaspace       used 80220K, committed 81024K, reserved 557056K
  class space    used 11179K, committed 11584K, reserved 425984K
}
Event: 78.737 GC heap before
{Heap before GC invocations=35 (full 0):
 garbage-first heap   total 215040K, used 180560K [0x0000000080000000, 0x0000000100000000)
  region size 1024K, 91 young (93184K), 6 survivors (6144K)
 Metaspace       used 85294K, committed 86208K, reserved 557056K
  class space    used 11763K, committed 12224K, reserved 425984K
}
Event: 78.755 GC heap after
{Heap after GC invocations=36 (full 0):
 garbage-first heap   total 215040K, used 101667K [0x0000000080000000, 0x0000000100000000)
  region size 1024K, 12 young (12288K), 12 survivors (12288K)
 Metaspace       used 85294K, committed 86208K, reserved 557056K
  class space    used 11763K, committed 12224K, reserved 425984K
}

